<?xml version="1.0" encoding="UTF-8"?>
<testng-results skipped="0" failed="0" ignored="0" total="1" passed="1">
  <reporter-output>
  </reporter-output>
  <suite name="Default suite" duration-ms="57660" started-at="2018-10-14T06:51:20Z" finished-at="2018-10-14T06:52:17Z">
    <groups>
    </groups>
    <test name="Default test" duration-ms="57660" started-at="2018-10-14T06:51:20Z" finished-at="2018-10-14T06:52:17Z">
      <class name="testCases.HotelBookingTest">
        <test-method status="PASS" signature="shouldBeAbleToSearchForHotels()[pri:0, instance:testCases.HotelBookingTest@7c16905e]" name="shouldBeAbleToSearchForHotels" duration-ms="57611" started-at="2018-10-14T12:21:20Z" finished-at="2018-10-14T12:22:17Z">
          <reporter-output>
          </reporter-output>
        </test-method> <!-- shouldBeAbleToSearchForHotels -->
      </class> <!-- testCases.HotelBookingTest -->
    </test> <!-- Default test -->
  </suite> <!-- Default suite -->
</testng-results>
